# JRE version: Java(TM) SE Runtime Environment (8.0_202-b08) (build 1.8.0_202-b08)
# Java VM: Java HotSpot(TM) 64-Bit Server VM (25.202-b08 mixed mode windows-amd64 compressed oops)
Heap:
 PSYoungGen      total 76288K, used 35363K [0x000000076af80000, 0x0000000770480000, 0x00000007c0000000)
  eden space 65536K, 53% used [0x000000076af80000,0x000000076d208fa0,0x000000076ef80000)
  from space 10752K, 0% used [0x000000076ef80000,0x000000076ef80000,0x000000076fa00000)
  to   space 10752K, 0% used [0x000000076fa00000,0x000000076fa00000,0x0000000770480000)
 ParOldGen       total 78336K, used 11450K [0x00000006c0e00000, 0x00000006c5a80000, 0x000000076af80000)
  object space 78336K, 14% used [0x00000006c0e00000,0x00000006c192eac8,0x00000006c5a80000)
 Metaspace       used 25329K, capacity 26268K, committed 26496K, reserved 1073152K
  class space    used 3330K, capacity 3585K, committed 3712K, reserved 1048576K
GC Heap History (4 events):
Event: 14.557 GC heap before
{Heap before GC invocations=1 (full 0):
 PSYoungGen      total 76288K, used 57245K [0x000000076af80000, 0x0000000770480000, 0x00000007c0000000)
  eden space 65536K, 87% used [0x000000076af80000,0x000000076e767638,0x000000076ef80000)
  from space 10752K, 0% used [0x000000076fa00000,0x000000076fa00000,0x0000000770480000)
  to   space 10752K, 0% used [0x000000076ef80000,0x000000076ef80000,0x000000076fa00000)
 ParOldGen       total 175104K, used 0K [0x00000006c0e00000, 0x00000006cb900000, 0x000000076af80000)
  object space 175104K, 0% used [0x00000006c0e00000,0x00000006c0e00000,0x00000006cb900000)
 Metaspace       used 20402K, capacity 21164K, committed 21296K, reserved 1067008K
  class space    used 2765K, capacity 2973K, committed 3072K, reserved 1048576K
Event: 14.563 GC heap after
Heap after GC invocations=1 (full 0):
 PSYoungGen      total 76288K, used 10722K [0x000000076af80000, 0x0000000770480000, 0x00000007c0000000)
  eden space 65536K, 0% used [0x000000076af80000,0x000000076af80000,0x000000076ef80000)
  from space 10752K, 99% used [0x000000076ef80000,0x000000076f9f8b70,0x000000076fa00000)
  to   space 10752K, 0% used [0x000000076fa00000,0x000000076fa00000,0x0000000770480000)
 ParOldGen       total 175104K, used 1138K [0x00000006c0e00000, 0x00000006cb900000, 0x000000076af80000)
  object space 175104K, 0% used [0x00000006c0e00000,0x00000006c0f1c968,0x00000006cb900000)
 Metaspace       used 20402K, capacity 21164K, committed 21296K, reserved 1067008K
  class space    used 2765K, capacity 2973K, committed 3072K, reserved 1048576K
}
Event: 14.563 GC heap before
{Heap before GC invocations=2 (full 1):
 PSYoungGen      total 76288K, used 10722K [0x000000076af80000, 0x0000000770480000, 0x00000007c0000000)
  eden space 65536K, 0% used [0x000000076af80000,0x000000076af80000,0x000000076ef80000)
  from space 10752K, 99% used [0x000000076ef80000,0x000000076f9f8b70,0x000000076fa00000)
  to   space 10752K, 0% used [0x000000076fa00000,0x000000076fa00000,0x0000000770480000)
 ParOldGen       total 175104K, used 1138K [0x00000006c0e00000, 0x00000006cb900000, 0x000000076af80000)
  object space 175104K, 0% used [0x00000006c0e00000,0x00000006c0f1c968,0x00000006cb900000)
 Metaspace       used 20402K, capacity 21164K, committed 21296K, reserved 1067008K
  class space    used 2765K, capacity 2973K, committed 3072K, reserved 1048576K
Event: 14.584 GC heap after
Heap after GC invocations=2 (full 1):
 PSYoungGen      total 76288K, used 0K [0x000000076af80000, 0x0000000770480000, 0x00000007c0000000)
  eden space 65536K, 0% used [0x000000076af80000,0x000000076af80000,0x000000076ef80000)
  from space 10752K, 0% used [0x000000076ef80000,0x000000076ef80000,0x000000076fa00000)
  to   space 10752K, 0% used [0x000000076fa00000,0x000000076fa00000,0x0000000770480000)
 ParOldGen       total 78336K, used 11450K [0x00000006c0e00000, 0x00000006c5a80000, 0x000000076af80000)
  object space 78336K, 14% used [0x00000006c0e00000,0x00000006c192eac8,0x00000006c5a80000)
 Metaspace       used 20402K, capacity 21164K, committed 21296K, reserved 1067008K
  class space    used 2765K, capacity 2973K, committed 3072K, reserved 1048576K
}

